[0.021s] Invoking command in '/home/omer/omr-web/ROS2/build/composiv_tryouts': CMAKE_PREFIX_PATH=/opt/ros/humble /usr/bin/cmake --build /home/omer/omr-web/ROS2/build/composiv_tryouts -- -j8 -l8
[0.062s] [35m[1mConsolidate compiler generated dependencies of target composiv_talker[0m
[0.081s] [ 50%] [32mBuilding CXX object CMakeFiles/composiv_talker.dir/src/composiv_talker.cpp.o[0m
[2.453s] In file included from [01m[K/home/omer/omr-web/ROS2/src/composiv_tryouts/src/composiv_talker.cpp:1[m[K:
[2.453s] [01m[K/home/omer/omr-web/ROS2/src/composiv_tryouts/include/composiv_talker.h:[m[K In constructor â€˜[01m[KcomposivTalker::composivTalker()[m[Kâ€™:
[2.453s] [01m[K/home/omer/omr-web/ROS2/src/composiv_tryouts/include/composiv_talker.h:21:41:[m[K [01;31m[Kerror: [m[Kâ€˜[01m[Ktimer_callback[m[Kâ€™ is not a member of â€˜[01m[KcomposivTalker[m[Kâ€™
[2.453s]    21 |       500ms, std::bind(&composivTalker::[01;31m[Ktimer_callback[m[K, this));
[2.454s]       |                                         [01;31m[K^~~~~~~~~~~~~~[m[K
[3.266s] gmake[2]: *** [CMakeFiles/composiv_talker.dir/build.make:76: CMakeFiles/composiv_talker.dir/src/composiv_talker.cpp.o] Error 1
[3.266s] gmake[1]: *** [CMakeFiles/Makefile2:137: CMakeFiles/composiv_talker.dir/all] Error 2
[3.266s] gmake: *** [Makefile:146: all] Error 2
[3.268s] Invoked command in '/home/omer/omr-web/ROS2/build/composiv_tryouts' returned '2': CMAKE_PREFIX_PATH=/opt/ros/humble /usr/bin/cmake --build /home/omer/omr-web/ROS2/build/composiv_tryouts -- -j8 -l8
