-- Found ament_cmake: 1.3.3 (/opt/ros/humble/share/ament_cmake/cmake)
-- Found rclcpp: 16.0.3 (/opt/ros/humble/share/rclcpp/cmake)
-- Found rosidl_generator_c: 3.1.4 (/opt/ros/humble/share/rosidl_generator_c/cmake)
-- Found rosidl_adapter: 3.1.4 (/opt/ros/humble/share/rosidl_adapter/cmake)
-- Found rosidl_generator_cpp: 3.1.4 (/opt/ros/humble/share/rosidl_generator_cpp/cmake)
-- Using all available rosidl_typesupport_c: rosidl_typesupport_fastrtps_c;rosidl_typesupport_introspection_c
-- Using all available rosidl_typesupport_cpp: rosidl_typesupport_fastrtps_cpp;rosidl_typesupport_introspection_cpp
-- Found rmw_implementation_cmake: 6.1.1 (/opt/ros/humble/share/rmw_implementation_cmake/cmake)
-- Found rmw_fastrtps_cpp: 6.2.2 (/opt/ros/humble/share/rmw_fastrtps_cpp/cmake)
-- Using RMW implementation 'rmw_fastrtps_cpp' as default
-- Configuring done
-- Generating done
-- Build files have been written to: /home/omer/omr-web/ROS2/build/composiv_tryouts
[ 50%] [32mBuilding CXX object CMakeFiles/composiv_talker.dir/src/composiv_talker.cpp.o[0m
In file included from [01m[K/home/omer/omr-web/ROS2/src/composiv_tryouts/src/composiv_talker.cpp:1[m[K:
[01m[K/home/omer/omr-web/ROS2/src/composiv_tryouts/include/composiv_talker.h:[m[K In constructor â€˜[01m[KcomposivTalker::composivTalker()[m[Kâ€™:
[01m[K/home/omer/omr-web/ROS2/src/composiv_tryouts/include/composiv_talker.h:17:49:[m[K [01;31m[Kerror: [m[Kexpected â€˜[01m[K{[m[Kâ€™ at end of input
   17 |         composivTalker(): Node("composivTalker")[01;31m[K;[m[K
      |                                                 [01;31m[K^[m[K
[01m[K/home/omer/omr-web/ROS2/src/composiv_tryouts/src/composiv_talker.cpp:[m[K At global scope:
[01m[K/home/omer/omr-web/ROS2/src/composiv_tryouts/src/composiv_talker.cpp:3:1:[m[K [01;31m[Kerror: [m[Kredefinition of â€˜[01m[KcomposivTalker::composivTalker()[m[Kâ€™
    3 | [01;31m[KcomposivTalker[m[K::composivTalker()
      | [01;31m[K^~~~~~~~~~~~~~[m[K
In file included from [01m[K/home/omer/omr-web/ROS2/src/composiv_tryouts/src/composiv_talker.cpp:1[m[K:
[01m[K/home/omer/omr-web/ROS2/src/composiv_tryouts/include/composiv_talker.h:17:9:[m[K [01;36m[Knote: [m[Kâ€˜[01m[KcomposivTalker::composivTalker()[m[Kâ€™ previously defined here
   17 |         [01;36m[KcomposivTalker[m[K(): Node("composivTalker");
      |         [01;36m[K^~~~~~~~~~~~~~[m[K
gmake[2]: *** [CMakeFiles/composiv_talker.dir/build.make:76: CMakeFiles/composiv_talker.dir/src/composiv_talker.cpp.o] Error 1
gmake[1]: *** [CMakeFiles/Makefile2:137: CMakeFiles/composiv_talker.dir/all] Error 2
gmake: *** [Makefile:146: all] Error 2
