[0.021s] Invoking command in '/home/omer/omr-web/ROS2/build/composiv_tryouts': CMAKE_PREFIX_PATH=/opt/ros/humble /usr/bin/cmake --build /home/omer/omr-web/ROS2/build/composiv_tryouts -- -j8 -l8
[0.048s] -- Found ament_cmake: 1.3.3 (/opt/ros/humble/share/ament_cmake/cmake)
[0.232s] -- Found rclcpp: 16.0.3 (/opt/ros/humble/share/rclcpp/cmake)
[0.268s] -- Found rosidl_generator_c: 3.1.4 (/opt/ros/humble/share/rosidl_generator_c/cmake)
[0.271s] -- Found rosidl_adapter: 3.1.4 (/opt/ros/humble/share/rosidl_adapter/cmake)
[0.278s] -- Found rosidl_generator_cpp: 3.1.4 (/opt/ros/humble/share/rosidl_generator_cpp/cmake)
[0.292s] -- Using all available rosidl_typesupport_c: rosidl_typesupport_fastrtps_c;rosidl_typesupport_introspection_c
[0.313s] -- Using all available rosidl_typesupport_cpp: rosidl_typesupport_fastrtps_cpp;rosidl_typesupport_introspection_cpp
[0.385s] -- Found rmw_implementation_cmake: 6.1.1 (/opt/ros/humble/share/rmw_implementation_cmake/cmake)
[0.387s] -- Found rmw_fastrtps_cpp: 6.2.2 (/opt/ros/humble/share/rmw_fastrtps_cpp/cmake)
[0.535s] -- Using RMW implementation 'rmw_fastrtps_cpp' as default
[0.845s] -- Configuring done
[0.856s] -- Generating done
[0.858s] -- Build files have been written to: /home/omer/omr-web/ROS2/build/composiv_tryouts
[0.899s] [ 50%] [32mBuilding CXX object CMakeFiles/composiv_talker.dir/src/composiv_talker.cpp.o[0m
[3.625s] In file included from [01m[K/home/omer/omr-web/ROS2/src/composiv_tryouts/src/composiv_talker.cpp:1[m[K:
[3.625s] [01m[K/home/omer/omr-web/ROS2/src/composiv_tryouts/include/composiv_talker.h:[m[K In constructor â€˜[01m[KcomposivTalker::composivTalker()[m[Kâ€™:
[3.626s] [01m[K/home/omer/omr-web/ROS2/src/composiv_tryouts/include/composiv_talker.h:17:49:[m[K [01;31m[Kerror: [m[Kexpected â€˜[01m[K{[m[Kâ€™ at end of input
[3.626s]    17 |         composivTalker(): Node("composivTalker")[01;31m[K;[m[K
[3.626s]       |                                                 [01;31m[K^[m[K
[3.626s] [01m[K/home/omer/omr-web/ROS2/src/composiv_tryouts/src/composiv_talker.cpp:[m[K At global scope:
[3.627s] [01m[K/home/omer/omr-web/ROS2/src/composiv_tryouts/src/composiv_talker.cpp:3:1:[m[K [01;31m[Kerror: [m[Kredefinition of â€˜[01m[KcomposivTalker::composivTalker()[m[Kâ€™
[3.627s]     3 | [01;31m[KcomposivTalker[m[K::composivTalker()
[3.627s]       | [01;31m[K^~~~~~~~~~~~~~[m[K
[3.627s] In file included from [01m[K/home/omer/omr-web/ROS2/src/composiv_tryouts/src/composiv_talker.cpp:1[m[K:
[3.628s] [01m[K/home/omer/omr-web/ROS2/src/composiv_tryouts/include/composiv_talker.h:17:9:[m[K [01;36m[Knote: [m[Kâ€˜[01m[KcomposivTalker::composivTalker()[m[Kâ€™ previously defined here
[3.628s]    17 |         [01;36m[KcomposivTalker[m[K(): Node("composivTalker");
[3.628s]       |         [01;36m[K^~~~~~~~~~~~~~[m[K
[4.268s] gmake[2]: *** [CMakeFiles/composiv_talker.dir/build.make:76: CMakeFiles/composiv_talker.dir/src/composiv_talker.cpp.o] Error 1
[4.269s] gmake[1]: *** [CMakeFiles/Makefile2:137: CMakeFiles/composiv_talker.dir/all] Error 2
[4.269s] gmake: *** [Makefile:146: all] Error 2
[4.272s] Invoked command in '/home/omer/omr-web/ROS2/build/composiv_tryouts' returned '2': CMAKE_PREFIX_PATH=/opt/ros/humble /usr/bin/cmake --build /home/omer/omr-web/ROS2/build/composiv_tryouts -- -j8 -l8
