[0.017s] Invoking command in '/home/omer/omr-web/ROS2/build/composiv_tryouts': CMAKE_PREFIX_PATH=/opt/ros/humble /usr/bin/cmake /home/omer/omr-web/ROS2/src/composiv_tryouts -DCMAKE_INSTALL_PREFIX=/home/omer/omr-web/ROS2/install/composiv_tryouts
[0.150s] -- The C compiler identification is GNU 11.3.0
[0.275s] -- The CXX compiler identification is GNU 11.3.0
[0.286s] -- Detecting C compiler ABI info
[0.373s] -- Detecting C compiler ABI info - done
[0.398s] -- Check for working C compiler: /usr/bin/cc - skipped
[0.399s] -- Detecting C compile features
[0.400s] -- Detecting C compile features - done
[0.411s] -- Detecting CXX compiler ABI info
[0.508s] -- Detecting CXX compiler ABI info - done
[0.518s] -- Check for working CXX compiler: /usr/bin/c++ - skipped
[0.518s] -- Detecting CXX compile features
[0.518s] -- Detecting CXX compile features - done
[0.527s] -- Found ament_cmake: 1.3.3 (/opt/ros/humble/share/ament_cmake/cmake)
[1.186s] -- Found Python3: /usr/bin/python3.10 (found version "3.10.6") found components: Interpreter 
[1.294s] -- Found rclcpp: 16.0.3 (/opt/ros/humble/share/rclcpp/cmake)
[1.356s] -- Found rosidl_generator_c: 3.1.4 (/opt/ros/humble/share/rosidl_generator_c/cmake)
[1.362s] -- Found rosidl_adapter: 3.1.4 (/opt/ros/humble/share/rosidl_adapter/cmake)
[1.374s] -- Found rosidl_generator_cpp: 3.1.4 (/opt/ros/humble/share/rosidl_generator_cpp/cmake)
[1.393s] -- Using all available rosidl_typesupport_c: rosidl_typesupport_fastrtps_c;rosidl_typesupport_introspection_c
[1.418s] -- Using all available rosidl_typesupport_cpp: rosidl_typesupport_fastrtps_cpp;rosidl_typesupport_introspection_cpp
[1.515s] -- Found rmw_implementation_cmake: 6.1.1 (/opt/ros/humble/share/rmw_implementation_cmake/cmake)
[1.519s] -- Found rmw_fastrtps_cpp: 6.2.2 (/opt/ros/humble/share/rmw_fastrtps_cpp/cmake)
[1.636s] -- Found OpenSSL: /usr/lib/x86_64-linux-gnu/libcrypto.so (found version "3.0.2")  
[1.666s] -- Found FastRTPS: /opt/ros/humble/include  
[1.716s] -- Using RMW implementation 'rmw_fastrtps_cpp' as default
[1.730s] -- Looking for pthread.h
[1.796s] -- Looking for pthread.h - found
[1.797s] -- Performing Test CMAKE_HAVE_LIBC_PTHREAD
[1.869s] -- Performing Test CMAKE_HAVE_LIBC_PTHREAD - Success
[1.870s] -- Found Threads: TRUE  
[2.148s] -- Configuring done
[2.169s] -- Generating done
[2.172s] -- Build files have been written to: /home/omer/omr-web/ROS2/build/composiv_tryouts
[2.186s] Invoked command in '/home/omer/omr-web/ROS2/build/composiv_tryouts' returned '0': CMAKE_PREFIX_PATH=/opt/ros/humble /usr/bin/cmake /home/omer/omr-web/ROS2/src/composiv_tryouts -DCMAKE_INSTALL_PREFIX=/home/omer/omr-web/ROS2/install/composiv_tryouts
[2.188s] Invoking command in '/home/omer/omr-web/ROS2/build/composiv_tryouts': CMAKE_PREFIX_PATH=/opt/ros/humble /usr/bin/cmake --build /home/omer/omr-web/ROS2/build/composiv_tryouts -- -j8 -l8
[2.243s] [ 50%] [32mBuilding CXX object CMakeFiles/composiv_talker.dir/src/composiv_talker.cpp.o[0m
[2.255s] [01m[K/home/omer/omr-web/ROS2/src/composiv_tryouts/src/composiv_talker.cpp:1:10:[m[K [01;31m[Kfatal error: [m[Kcomposiv_talker.h: No such file or directory
[2.255s]     1 | #include [01;31m[K"composiv_talker.h"[m[K
[2.255s]       |          [01;31m[K^~~~~~~~~~~~~~~~~~~[m[K
[2.255s] compilation terminated.
[2.256s] gmake[2]: *** [CMakeFiles/composiv_talker.dir/build.make:76: CMakeFiles/composiv_talker.dir/src/composiv_talker.cpp.o] Error 1
[2.256s] gmake[1]: *** [CMakeFiles/Makefile2:137: CMakeFiles/composiv_talker.dir/all] Error 2
[2.256s] gmake: *** [Makefile:146: all] Error 2
[2.258s] Invoked command in '/home/omer/omr-web/ROS2/build/composiv_tryouts' returned '2': CMAKE_PREFIX_PATH=/opt/ros/humble /usr/bin/cmake --build /home/omer/omr-web/ROS2/build/composiv_tryouts -- -j8 -l8
